13:43:30 DEBUG : Logs will be stored at '/home/bartek/Programming/kr260_bare_metal_example/vitis_app_2/IDE.log'.
13:43:35 INFO  : Launching XSCT server: xsct -n  -interactive /home/bartek/Programming/kr260_bare_metal_example/vitis_app_2/temp_xsdb_launch_script.tcl
13:43:35 INFO  : Registering command handlers for Vitis TCF services
13:43:36 INFO  : Platform repository initialization has completed.
13:43:37 INFO  : XSCT server has started successfully.
13:43:37 INFO  : plnx-install-location is set to ''
13:43:37 INFO  : Successfully done setting XSCT server connection channel  
13:43:37 INFO  : Successfully done query RDI_DATADIR 
13:43:37 INFO  : Successfully done setting workspace for the tool. 
13:45:44 INFO  : Result from executing command 'getProjects': add_bram_wrapper
13:45:44 INFO  : Result from executing command 'getPlatforms': xilinx_vck190_base_202320_1|/opt/Xilinx/Vitis/2023.2/base_platforms/xilinx_vck190_base_202320_1/xilinx_vck190_base_202320_1.xpfm;xilinx_vck190_base_dfx_202320_1|/opt/Xilinx/Vitis/2023.2/base_platforms/xilinx_vck190_base_dfx_202320_1/xilinx_vck190_base_dfx_202320_1.xpfm;xilinx_vek280_es1_base_202320_1|/opt/Xilinx/Vitis/2023.2/base_platforms/xilinx_vek280_es1_base_202320_1/xilinx_vek280_es1_base_202320_1.xpfm;xilinx_vmk180_base_202320_1|/opt/Xilinx/Vitis/2023.2/base_platforms/xilinx_vmk180_base_202320_1/xilinx_vmk180_base_202320_1.xpfm;xilinx_zcu102_base_202320_1|/opt/Xilinx/Vitis/2023.2/base_platforms/xilinx_zcu102_base_202320_1/xilinx_zcu102_base_202320_1.xpfm;xilinx_zcu102_base_dfx_202320_1|/opt/Xilinx/Vitis/2023.2/base_platforms/xilinx_zcu102_base_dfx_202320_1/xilinx_zcu102_base_dfx_202320_1.xpfm;xilinx_zcu104_base_202320_1|/opt/Xilinx/Vitis/2023.2/base_platforms/xilinx_zcu104_base_202320_1/xilinx_zcu104_base_202320_1.xpfm
13:45:44 WARN  : An unexpected exception occurred in the module 'platform project logging'
13:45:45 INFO  : Platform 'add_bram_wrapper' is added to custom repositories.
13:45:52 INFO  : Platform 'add_bram_wrapper' is added to custom repositories.
13:46:34 INFO  : Result from executing command 'getProjects': add_bram_wrapper
13:46:34 INFO  : Result from executing command 'getPlatforms': add_bram_wrapper|/home/bartek/Programming/kr260_bare_metal_example/vitis_app_2/add_bram_wrapper/export/add_bram_wrapper/add_bram_wrapper.xpfm;xilinx_vck190_base_202320_1|/opt/Xilinx/Vitis/2023.2/base_platforms/xilinx_vck190_base_202320_1/xilinx_vck190_base_202320_1.xpfm;xilinx_vck190_base_dfx_202320_1|/opt/Xilinx/Vitis/2023.2/base_platforms/xilinx_vck190_base_dfx_202320_1/xilinx_vck190_base_dfx_202320_1.xpfm;xilinx_vek280_es1_base_202320_1|/opt/Xilinx/Vitis/2023.2/base_platforms/xilinx_vek280_es1_base_202320_1/xilinx_vek280_es1_base_202320_1.xpfm;xilinx_vmk180_base_202320_1|/opt/Xilinx/Vitis/2023.2/base_platforms/xilinx_vmk180_base_202320_1/xilinx_vmk180_base_202320_1.xpfm;xilinx_zcu102_base_202320_1|/opt/Xilinx/Vitis/2023.2/base_platforms/xilinx_zcu102_base_202320_1/xilinx_zcu102_base_202320_1.xpfm;xilinx_zcu102_base_dfx_202320_1|/opt/Xilinx/Vitis/2023.2/base_platforms/xilinx_zcu102_base_dfx_202320_1/xilinx_zcu102_base_dfx_202320_1.xpfm;xilinx_zcu104_base_202320_1|/opt/Xilinx/Vitis/2023.2/base_platforms/xilinx_zcu104_base_202320_1/xilinx_zcu104_base_202320_1.xpfm
13:49:06 INFO  : Result from executing command 'getProjects': add_bram_wrapper
13:49:06 INFO  : Result from executing command 'getPlatforms': add_bram_wrapper|/home/bartek/Programming/kr260_bare_metal_example/vitis_app_2/add_bram_wrapper/export/add_bram_wrapper/add_bram_wrapper.xpfm;xilinx_vck190_base_202320_1|/opt/Xilinx/Vitis/2023.2/base_platforms/xilinx_vck190_base_202320_1/xilinx_vck190_base_202320_1.xpfm;xilinx_vck190_base_dfx_202320_1|/opt/Xilinx/Vitis/2023.2/base_platforms/xilinx_vck190_base_dfx_202320_1/xilinx_vck190_base_dfx_202320_1.xpfm;xilinx_vek280_es1_base_202320_1|/opt/Xilinx/Vitis/2023.2/base_platforms/xilinx_vek280_es1_base_202320_1/xilinx_vek280_es1_base_202320_1.xpfm;xilinx_vmk180_base_202320_1|/opt/Xilinx/Vitis/2023.2/base_platforms/xilinx_vmk180_base_202320_1/xilinx_vmk180_base_202320_1.xpfm;xilinx_zcu102_base_202320_1|/opt/Xilinx/Vitis/2023.2/base_platforms/xilinx_zcu102_base_202320_1/xilinx_zcu102_base_202320_1.xpfm;xilinx_zcu102_base_dfx_202320_1|/opt/Xilinx/Vitis/2023.2/base_platforms/xilinx_zcu102_base_dfx_202320_1/xilinx_zcu102_base_dfx_202320_1.xpfm;xilinx_zcu104_base_202320_1|/opt/Xilinx/Vitis/2023.2/base_platforms/xilinx_zcu104_base_202320_1/xilinx_zcu104_base_202320_1.xpfm
13:49:09 INFO  : Checking for BSP changes to sync application flags for project 'hello_world'...
13:49:16 ERROR : (XSDB Server)readelf: Error: '/home/bartek/Programming/kr260_bare_metal_example/vitis_app_2/add_bram_wrapper/export/add_bram_wrapper/sw/fsbl.elf': No such file

14:48:53 INFO  : Connected to target on host '127.0.0.1' and port '3121'.
14:49:30 INFO  : Connected to target on host '127.0.0.1' and port '3121'.
14:55:23 INFO  : Connected to target on host '127.0.0.1' and port '3121'.
20:15:53 DEBUG : Logs will be stored at '/home/bartek/Programming/kr260_bare_metal_example/vitis_app_2/IDE.log'.
20:15:53 INFO  : Launching XSCT server: xsct -n  -interactive /home/bartek/Programming/kr260_bare_metal_example/vitis_app_2/temp_xsdb_launch_script.tcl
20:15:55 INFO  : XSCT server has started successfully.
20:15:55 INFO  : plnx-install-location is set to ''
20:15:55 INFO  : Successfully done setting XSCT server connection channel  
20:15:55 INFO  : Successfully done setting workspace for the tool. 
20:15:56 INFO  : Platform repository initialization has completed.
20:15:56 INFO  : Registering command handlers for Vitis TCF services
20:15:56 INFO  : Successfully done query RDI_DATADIR 
20:16:57 INFO  : Saving repository preferences.
20:16:57 INFO  : plnx-install-location is set to ''
20:17:42 INFO  : Connected to target on host '127.0.0.1' and port '3121'.
20:18:00 INFO  : ----------------XSDB Script----------------
connect -url tcp:127.0.0.1:3121
----------------End of Script----------------

20:18:00 ERROR : Could not find ARM device on the board for connection 'Local'.
Check if the target is in:
1. Split JTAG - No operations are possible with ARM DAP.
2. Non JTAG bootmode - Bootrom may need time to enable DAP.
Please try again.


Troubleshooting hints:
1. Check whether board is connected to system properly.
2. In case of zynq board, check whether Digilent/Xilinx cable switch settings are correct.
3. If you are using Xilinx Platform Cable USB, ensure that status LED is green.
20:19:08 INFO  : Result from executing command 'getProjects': add_bram_wrapper
20:19:08 INFO  : Result from executing command 'getPlatforms': add_bram_wrapper|/home/bartek/Programming/kr260_bare_metal_example/vitis_app_2/add_bram_wrapper/export/add_bram_wrapper/add_bram_wrapper.xpfm;xilinx_vck190_base_202320_1|/opt/Xilinx/Vitis/2023.2/base_platforms/xilinx_vck190_base_202320_1/xilinx_vck190_base_202320_1.xpfm;xilinx_vck190_base_dfx_202320_1|/opt/Xilinx/Vitis/2023.2/base_platforms/xilinx_vck190_base_dfx_202320_1/xilinx_vck190_base_dfx_202320_1.xpfm;xilinx_vek280_es1_base_202320_1|/opt/Xilinx/Vitis/2023.2/base_platforms/xilinx_vek280_es1_base_202320_1/xilinx_vek280_es1_base_202320_1.xpfm;xilinx_vmk180_base_202320_1|/opt/Xilinx/Vitis/2023.2/base_platforms/xilinx_vmk180_base_202320_1/xilinx_vmk180_base_202320_1.xpfm;xilinx_zcu102_base_202320_1|/opt/Xilinx/Vitis/2023.2/base_platforms/xilinx_zcu102_base_202320_1/xilinx_zcu102_base_202320_1.xpfm;xilinx_zcu102_base_dfx_202320_1|/opt/Xilinx/Vitis/2023.2/base_platforms/xilinx_zcu102_base_dfx_202320_1/xilinx_zcu102_base_dfx_202320_1.xpfm;xilinx_zcu104_base_202320_1|/opt/Xilinx/Vitis/2023.2/base_platforms/xilinx_zcu104_base_202320_1/xilinx_zcu104_base_202320_1.xpfm
20:19:12 INFO  : Checking for BSP changes to sync application flags for project 'hello_world'...
20:19:18 ERROR : (XSDB Server)readelf: Error: '/home/bartek/Programming/kr260_bare_metal_example/vitis_app_2/add_bram_wrapper/export/add_bram_wrapper/sw/fsbl.elf': No such file

20:20:22 INFO  : Updating launch configuration 'SystemDebugger_hello_world_system_Standalone' from currrent build state
20:20:23 INFO  : Connected to target on host '127.0.0.1' and port '3121'.
20:20:41 INFO  : ----------------XSDB Script----------------
connect -url tcp:127.0.0.1:3121
----------------End of Script----------------

20:20:41 ERROR : Could not find ARM device on the board for connection 'Local'.
Check if the target is in:
1. Split JTAG - No operations are possible with ARM DAP.
2. Non JTAG bootmode - Bootrom may need time to enable DAP.
Please try again.


Troubleshooting hints:
1. Check whether board is connected to system properly.
2. In case of zynq board, check whether Digilent/Xilinx cable switch settings are correct.
3. If you are using Xilinx Platform Cable USB, ensure that status LED is green.
20:52:01 INFO  : Updating launch configuration 'SystemDebugger_hello_world_system_Standalone' from currrent build state
20:52:01 INFO  : Connected to target on host '127.0.0.1' and port '3121'.
20:52:19 INFO  : ----------------XSDB Script----------------
connect -url tcp:127.0.0.1:3121
----------------End of Script----------------

20:52:19 ERROR : Could not find ARM device on the board for connection 'Local'.
Check if the target is in:
1. Split JTAG - No operations are possible with ARM DAP.
2. Non JTAG bootmode - Bootrom may need time to enable DAP.
Please try again.


Troubleshooting hints:
1. Check whether board is connected to system properly.
2. In case of zynq board, check whether Digilent/Xilinx cable switch settings are correct.
3. If you are using Xilinx Platform Cable USB, ensure that status LED is green.
20:54:29 INFO  : No changes in MSS file content so sources will not be generated.
23:02:48 DEBUG : Logs will be stored at '/home/bartek/Programming/kr260_bare_metal_example/vitis_app_2/IDE.log'.
23:02:49 INFO  : Launching XSCT server: xsct -n  -interactive /home/bartek/Programming/kr260_bare_metal_example/vitis_app_2/temp_xsdb_launch_script.tcl
23:02:51 INFO  : XSCT server has started successfully.
23:02:51 INFO  : plnx-install-location is set to ''
23:02:51 INFO  : Successfully done setting XSCT server connection channel  
23:02:51 INFO  : Successfully done query RDI_DATADIR 
23:02:51 INFO  : Successfully done setting workspace for the tool. 
23:02:52 INFO  : Registering command handlers for Vitis TCF services
23:02:52 INFO  : Platform repository initialization has completed.
23:03:07 INFO  : Updating launch configuration 'SystemDebugger_hello_world_system_Standalone' from currrent build state
23:03:12 INFO  : Connected to target on host '127.0.0.1' and port '3121'.
23:03:30 INFO  : ----------------XSDB Script----------------
connect -url tcp:127.0.0.1:3121
----------------End of Script----------------

23:03:30 ERROR : Could not find ARM device on the board for connection 'Local'.
Check if the target is in:
1. Split JTAG - No operations are possible with ARM DAP.
2. Non JTAG bootmode - Bootrom may need time to enable DAP.
Please try again.


Troubleshooting hints:
1. Check whether board is connected to system properly.
2. In case of zynq board, check whether Digilent/Xilinx cable switch settings are correct.
3. If you are using Xilinx Platform Cable USB, ensure that status LED is green.
23:23:26 INFO  : No changes in MSS file content so sources will not be generated.
23:23:42 INFO  : Connected to target on host '127.0.0.1' and port '3121'.
23:24:00 INFO  : ----------------XSDB Script----------------
connect -url tcp:127.0.0.1:3121
----------------End of Script----------------

23:24:00 ERROR : Could not find ARM device on the board for connection 'Local'.
Check if the target is in:
1. Split JTAG - No operations are possible with ARM DAP.
2. Non JTAG bootmode - Bootrom may need time to enable DAP.
Please try again.


Troubleshooting hints:
1. Check whether board is connected to system properly.
2. In case of zynq board, check whether Digilent/Xilinx cable switch settings are correct.
3. If you are using Xilinx Platform Cable USB, ensure that status LED is green.
01:02:08 INFO  : Connected to target on host '127.0.0.1' and port '3121'.
01:02:17 INFO  : ----------------XSDB Script----------------
connect -url tcp:127.0.0.1:3121
----------------End of Script----------------

01:02:17 ERROR : Could not find ARM device on the board for connection 'Local'.
Check if the target is in:
1. Split JTAG - No operations are possible with ARM DAP.
2. Non JTAG bootmode - Bootrom may need time to enable DAP.
Please try again.


Troubleshooting hints:
1. Check whether board is connected to system properly.
2. In case of zynq board, check whether Digilent/Xilinx cable switch settings are correct.
3. If you are using Xilinx Platform Cable USB, ensure that status LED is green.
01:02:45 INFO  : Connected to target on host '127.0.0.1' and port '3121'.
01:02:54 INFO  : ----------------XSDB Script----------------
connect -url tcp:127.0.0.1:3121
----------------End of Script----------------

01:02:54 ERROR : Could not find ARM device on the board for connection 'Local'.
Check if the target is in:
1. Split JTAG - No operations are possible with ARM DAP.
2. Non JTAG bootmode - Bootrom may need time to enable DAP.
Please try again.


Troubleshooting hints:
1. Check whether board is connected to system properly.
2. In case of zynq board, check whether Digilent/Xilinx cable switch settings are correct.
3. If you are using Xilinx Platform Cable USB, ensure that status LED is green.
01:03:07 INFO  : Connected to target on host '127.0.0.1' and port '3121'.
01:03:16 INFO  : ----------------XSDB Script----------------
connect -url tcp:127.0.0.1:3121
----------------End of Script----------------

01:03:16 ERROR : Could not find ARM device on the board for connection 'Local'.
Check if the target is in:
1. Split JTAG - No operations are possible with ARM DAP.
2. Non JTAG bootmode - Bootrom may need time to enable DAP.
Please try again.


Troubleshooting hints:
1. Check whether board is connected to system properly.
2. In case of zynq board, check whether Digilent/Xilinx cable switch settings are correct.
3. If you are using Xilinx Platform Cable USB, ensure that status LED is green.
09:13:24 DEBUG : Logs will be stored at '/home/bartek/Programming/kr260_bare_metal_example/vitis_app_2/IDE.log'.
09:13:24 INFO  : Launching XSCT server: xsct -n  -interactive /home/bartek/Programming/kr260_bare_metal_example/vitis_app_2/temp_xsdb_launch_script.tcl
09:13:26 INFO  : XSCT server has started successfully.
09:13:27 INFO  : plnx-install-location is set to ''
09:13:27 INFO  : Successfully done setting XSCT server connection channel  
09:13:27 INFO  : Successfully done query RDI_DATADIR 
09:13:27 INFO  : Successfully done setting workspace for the tool. 
09:13:27 INFO  : Registering command handlers for Vitis TCF services
09:13:28 INFO  : Platform repository initialization has completed.
09:15:28 DEBUG : Logs will be stored at '/home/bartek/Programming/kr260_bare_metal_example/vitis_app_2/IDE.log'.
09:15:28 INFO  : Launching XSCT server: xsct -n  -interactive /home/bartek/Programming/kr260_bare_metal_example/vitis_app_2/temp_xsdb_launch_script.tcl
09:15:29 INFO  : XSCT server has started successfully.
09:15:29 INFO  : Successfully done setting XSCT server connection channel  
09:15:29 INFO  : plnx-install-location is set to ''
09:15:29 INFO  : Successfully done query RDI_DATADIR 
09:15:29 INFO  : Successfully done setting workspace for the tool. 
09:15:30 INFO  : Registering command handlers for Vitis TCF services
09:15:30 INFO  : Platform repository initialization has completed.
09:16:30 DEBUG : Logs will be stored at '/home/bartek/Programming/kr260_bare_metal_example/vitis_app_2/IDE.log'.
09:16:31 INFO  : Launching XSCT server: xsct -n  -interactive /home/bartek/Programming/kr260_bare_metal_example/vitis_app_2/temp_xsdb_launch_script.tcl
09:16:32 INFO  : XSCT server has started successfully.
09:16:32 INFO  : Successfully done setting XSCT server connection channel  
09:16:32 INFO  : plnx-install-location is set to ''
09:16:32 INFO  : Successfully done setting workspace for the tool. 
09:16:32 INFO  : Successfully done query RDI_DATADIR 
09:16:42 INFO  : Registering command handlers for Vitis TCF services
09:16:43 INFO  : Platform repository initialization has completed.
